<?xml version="1.0" encoding="UTF-8"?>
<testng-results ignored="0" total="2" passed="2" failed="0" skipped="0">
  <reporter-output>
  </reporter-output>
  <suite started-at="2024-08-21T17:02:55 IST" name="Default suite" finished-at="2024-08-21T17:03:21 IST" duration-ms="25432">
    <groups>
    </groups>
    <test started-at="2024-08-21T17:02:55 IST" name="Default test" finished-at="2024-08-21T17:03:21 IST" duration-ms="25432">
      <class name="com.qa.UIPTableTest.HomePageTest">
        <test-method is-config="true" signature="setup()[pri:0, instance:com.qa.UIPTableTest.HomePageTest@4659191b]" started-at="2024-08-21T17:02:55 IST" name="setup" finished-at="2024-08-21T17:03:18 IST" duration-ms="22120" status="PASS">
          <reporter-output>
          </reporter-output>
        </test-method> <!-- setup -->
        <test-method signature="creatingGroup()[pri:0, instance:com.qa.UIPTableTest.HomePageTest@4659191b]" started-at="2024-08-21T17:03:18 IST" name="creatingGroup" finished-at="2024-08-21T17:03:21 IST" duration-ms="3209" status="PASS">
          <reporter-output>
          </reporter-output>
        </test-method> <!-- creatingGroup -->
        <test-method signature="homePageTitleTest()[pri:0, instance:com.qa.UIPTableTest.HomePageTest@4659191b]" started-at="2024-08-21T17:03:21 IST" name="homePageTitleTest" finished-at="2024-08-21T17:03:21 IST" duration-ms="18" status="PASS">
          <reporter-output>
          </reporter-output>
        </test-method> <!-- homePageTitleTest -->
      </class> <!-- com.qa.UIPTableTest.HomePageTest -->
    </test> <!-- Default test -->
  </suite> <!-- Default suite -->
</testng-results>
